[ 2025-07-19 11:28:46,762 ] 44 root - INFO - Entered the data ingestion method/component
[ 2025-07-19 11:28:47,099 ] 51 root - INFO - Read the dataset as dataframe
[ 2025-07-19 11:28:47,902 ] 60 root - INFO - Train-test split initiated
[ 2025-07-19 11:28:48,888 ] 72 root - INFO - Ingestion of the data is completed
[ 2025-07-19 11:28:49,248 ] 90 root - INFO - Read train and test data completed
[ 2025-07-19 11:28:49,288 ] 104 root - INFO - Obtaining preprocessing object
[ 2025-07-19 11:28:49,288 ] 70 root - INFO - Categorical columns: ['hotel', 'arrival_date_year', 'arrival_date_month', 'meal', 'country', 'market_segment', 'distribution_channel', 'reserved_room_type', 'assigned_room_type', 'deposit_type', 'customer_type', 'reservation_status']
[ 2025-07-19 11:28:49,292 ] 71 root - INFO - Numerical columns: ['lead_time', 'arrival_date_year', 'arrival_date_week_number', 'arrival_date_day_of_month', 'stays_in_weekend_nights', 'adults', 'children', 'babies', 'is_repeated_guest', 'previous_cancellations', 'booking_changes', 'agent', 'days_in_waiting_list', 'adr', 'required_car_parking_spaces', 'total_of_special_requests']
[ 2025-07-19 11:28:49,292 ] 107 root - INFO - Applying preprocessing object on training and testing dataframes.
[ 2025-07-19 11:28:53,737 ] 121 root - INFO - QQ plot saved: artifacts\qqplot_feature_0.png
[ 2025-07-19 11:28:54,042 ] 121 root - INFO - QQ plot saved: artifacts\qqplot_feature_1.png
[ 2025-07-19 11:28:54,341 ] 121 root - INFO - QQ plot saved: artifacts\qqplot_feature_2.png
[ 2025-07-19 11:28:54,341 ] 124 root - INFO - Applying SMOTE on the training data.
[ 2025-07-19 11:29:06,763 ] 130 root - INFO - Original training data shape: (95512, 256), (95512,)
[ 2025-07-19 11:29:06,763 ] 131 root - INFO - Resampled training data shape: (120518, 256), (120518,)
[ 2025-07-19 11:29:06,866 ] 139 root - INFO - Saved preprocessing object.
[ 2025-07-19 11:29:06,927 ] 33 root - INFO - Split training and test input data
[ 2025-07-19 11:29:06,927 ] 40 root - INFO - models
[ 2025-07-19 11:29:06,930 ] 50 root - INFO - models1
[ 2025-07-19 11:29:06,930 ] 90 root - INFO - models completed
[ 2025-07-19 11:35:58,858 ] 93 root - INFO - models3
[ 2025-07-19 11:35:58,859 ] 96 root - INFO - models4
[ 2025-07-19 11:35:58,887 ] 105 root - INFO - best_model: RandomForestClassifier(max_depth=10, random_state=42)
[ 2025-07-19 11:35:58,887 ] 109 root - INFO - Best found model on both training and testing dataset
