[ 2025-07-21 19:41:20,424 ] 44 root - INFO - Entered the data ingestion method/component
[ 2025-07-21 19:41:20,730 ] 51 root - INFO - Read the dataset as dataframe
[ 2025-07-21 19:41:21,570 ] 60 root - INFO - Train-test split initiated
[ 2025-07-21 19:41:22,617 ] 72 root - INFO - Ingestion of the data is completed
[ 2025-07-21 19:41:23,128 ] 91 root - INFO - Read train and test data completed
[ 2025-07-21 19:41:23,162 ] 108 root - INFO -  drop done
[ 2025-07-21 19:41:23,162 ] 120 root - INFO - remove outliers
[ 2025-07-21 19:41:23,358 ] 146 root - INFO - Obtaining preprocessing object
[ 2025-07-21 19:41:23,359 ] 71 root - INFO - Categorical columns: ['hotel', 'arrival_date_year', 'arrival_date_month', 'meal', 'country', 'market_segment', 'distribution_channel', 'reserved_room_type', 'assigned_room_type', 'deposit_type', 'customer_type', 'reservation_status']
[ 2025-07-21 19:41:23,360 ] 72 root - INFO - Numerical columns: ['lead_time', 'arrival_date_year', 'arrival_date_day_of_month', 'stays_in_weekend_nights', 'adults', 'total_kids', 'is_repeated_guest', 'previous_cancellations', 'agent', 'days_in_waiting_list', 'adr', 'required_car_parking_spaces']
[ 2025-07-21 19:41:23,360 ] 149 root - INFO - Applying preprocessing object on training and testing dataframes.
[ 2025-07-21 19:41:26,875 ] 163 root - INFO - QQ plot saved: artifacts\qqplot_feature_0.png
[ 2025-07-21 19:41:27,127 ] 163 root - INFO - QQ plot saved: artifacts\qqplot_feature_1.png
[ 2025-07-21 19:41:27,357 ] 163 root - INFO - QQ plot saved: artifacts\qqplot_feature_2.png
[ 2025-07-21 19:41:27,357 ] 166 root - INFO - Applying SMOTE on the training data.
[ 2025-07-21 19:41:32,232 ] 172 root - INFO - Original training data shape: (46581, 222), (46581,)
[ 2025-07-21 19:41:32,232 ] 173 root - INFO - Resampled training data shape: (58562, 222), (58562,)
[ 2025-07-21 19:41:32,282 ] 181 root - INFO - Saved preprocessing object.
[ 2025-07-21 19:41:32,301 ] 33 root - INFO - Split training and test input data
[ 2025-07-21 19:41:32,301 ] 40 root - INFO - models
[ 2025-07-21 19:41:32,304 ] 50 root - INFO - models1
[ 2025-07-21 19:41:32,304 ] 90 root - INFO - models completed
[ 2025-07-21 19:43:39,431 ] 93 root - INFO - models3
[ 2025-07-21 19:43:39,431 ] 96 root - INFO - models4
[ 2025-07-21 19:43:39,446 ] 105 root - INFO - best_model: RandomForestClassifier(max_depth=10, random_state=42)
[ 2025-07-21 19:43:39,446 ] 109 root - INFO - Best found model on both training and testing dataset
[ 2025-07-21 19:43:39,725 ] 127 root - INFO - Residual QQ plot saved at: artifacts\qqplot_residuals.png
