[ 2025-07-19 13:20:38,270 ] 44 root - INFO - Entered the data ingestion method/component
[ 2025-07-19 13:20:38,561 ] 51 root - INFO - Read the dataset as dataframe
[ 2025-07-19 13:20:39,464 ] 60 root - INFO - Train-test split initiated
[ 2025-07-19 13:20:40,320 ] 72 root - INFO - Ingestion of the data is completed
[ 2025-07-19 13:20:40,682 ] 90 root - INFO - Read train and test data completed
[ 2025-07-19 13:20:40,703 ] 106 root - INFO - remove outliers
[ 2025-07-19 13:20:40,977 ] 132 root - INFO - Obtaining preprocessing object
[ 2025-07-19 13:20:40,977 ] 70 root - INFO - Categorical columns: ['hotel', 'arrival_date_year', 'arrival_date_month', 'meal', 'country', 'market_segment', 'distribution_channel', 'reserved_room_type', 'assigned_room_type', 'deposit_type', 'customer_type', 'reservation_status']
[ 2025-07-19 13:20:40,978 ] 71 root - INFO - Numerical columns: ['lead_time', 'arrival_date_year', 'arrival_date_week_number', 'arrival_date_day_of_month', 'stays_in_weekend_nights', 'adults', 'children', 'babies', 'is_repeated_guest', 'previous_cancellations', 'booking_changes', 'agent', 'days_in_waiting_list', 'adr', 'required_car_parking_spaces', 'total_of_special_requests']
[ 2025-07-19 13:20:40,978 ] 135 root - INFO - Applying preprocessing object on training and testing dataframes.
[ 2025-07-19 13:20:42,251 ] 149 root - INFO - QQ plot saved: artifacts\qqplot_feature_0.png
[ 2025-07-19 13:20:42,627 ] 149 root - INFO - QQ plot saved: artifacts\qqplot_feature_1.png
[ 2025-07-19 13:20:42,871 ] 149 root - INFO - QQ plot saved: artifacts\qqplot_feature_2.png
[ 2025-07-19 13:20:42,871 ] 152 root - INFO - Applying SMOTE on the training data.
[ 2025-07-19 13:20:47,613 ] 158 root - INFO - Original training data shape: (40928, 223), (40928,)
[ 2025-07-19 13:20:47,613 ] 159 root - INFO - Resampled training data shape: (49820, 223), (49820,)
[ 2025-07-19 13:20:47,642 ] 167 root - INFO - Saved preprocessing object.
[ 2025-07-19 13:20:47,659 ] 33 root - INFO - Split training and test input data
[ 2025-07-19 13:20:47,660 ] 40 root - INFO - models
[ 2025-07-19 13:20:47,660 ] 50 root - INFO - models1
[ 2025-07-19 13:20:47,660 ] 90 root - INFO - models completed
[ 2025-07-19 13:23:42,113 ] 93 root - INFO - models3
[ 2025-07-19 13:23:42,114 ] 96 root - INFO - models4
[ 2025-07-19 13:23:42,118 ] 105 root - INFO - best_model: RandomForestClassifier(max_depth=10, random_state=42)
[ 2025-07-19 13:23:42,118 ] 109 root - INFO - Best found model on both training and testing dataset
[ 2025-07-19 13:23:42,519 ] 127 root - INFO - Residual QQ plot saved at: artifacts\qqplot_residuals.png
