[ 2025-07-24 20:08:50,079 ] 44 root - INFO - Entered the data ingestion method/component
[ 2025-07-24 20:08:50,357 ] 51 root - INFO - Read the dataset as dataframe
[ 2025-07-24 20:08:51,193 ] 60 root - INFO - Train-test split initiated
[ 2025-07-24 20:08:52,133 ] 72 root - INFO - Ingestion of the data is completed
[ 2025-07-24 20:08:52,480 ] 91 root - INFO - Read train and test data completed
[ 2025-07-24 20:08:52,516 ] 108 root - INFO -  drop done
[ 2025-07-24 20:08:52,516 ] 120 root - INFO - remove outliers
[ 2025-07-24 20:08:52,720 ] 146 root - INFO - Obtaining preprocessing object
[ 2025-07-24 20:08:52,720 ] 71 root - INFO - Categorical columns: ['hotel', 'arrival_date_month', 'meal', 'country', 'market_segment', 'reserved_room_type', 'assigned_room_type', 'deposit_type', 'customer_type']
[ 2025-07-24 20:08:52,721 ] 72 root - INFO - Numerical columns: ['lead_time', 'arrival_date_year', 'arrival_date_day_of_month', 'stays_in_weekend_nights', 'adults', 'total_kids', 'is_repeated_guest', 'previous_cancellations', 'agent', 'days_in_waiting_list', 'adr', 'required_car_parking_spaces']
[ 2025-07-24 20:08:52,721 ] 149 root - INFO - Applying preprocessing object on training and testing dataframes.
[ 2025-07-24 20:08:53,838 ] 163 root - INFO - QQ plot saved: artifacts\qqplot_feature_0.png
[ 2025-07-24 20:08:54,054 ] 163 root - INFO - QQ plot saved: artifacts\qqplot_feature_1.png
[ 2025-07-24 20:08:54,255 ] 163 root - INFO - QQ plot saved: artifacts\qqplot_feature_2.png
[ 2025-07-24 20:08:54,255 ] 166 root - INFO - Applying SMOTE on the training data.
[ 2025-07-24 20:08:58,219 ] 172 root - INFO - Original training data shape: (46581, 212), (46581,)
[ 2025-07-24 20:08:58,219 ] 173 root - INFO - Resampled training data shape: (58562, 212), (58562,)
[ 2025-07-24 20:08:58,252 ] 181 root - INFO - Saved preprocessing object.
[ 2025-07-24 20:08:58,268 ] 33 root - INFO - Split training and test input data
[ 2025-07-24 20:08:58,268 ] 40 root - INFO - models
[ 2025-07-24 20:08:58,268 ] 50 root - INFO - models processing
[ 2025-07-24 20:08:58,269 ] 90 root - INFO - models completed
[ 2025-07-24 20:14:20,059 ] 105 root - INFO - best_model: RandomForestClassifier(max_depth=20, random_state=42)
[ 2025-07-24 20:14:20,059 ] 109 root - INFO - Best found model on both training and testing dataset
[ 2025-07-24 20:14:20,453 ] 127 root - INFO - Residual QQ plot saved at: artifacts\qqplot_residuals.png
