[ 2025-07-21 13:30:52,521 ] 44 root - INFO - Entered the data ingestion method/component
[ 2025-07-21 13:30:52,801 ] 51 root - INFO - Read the dataset as dataframe
[ 2025-07-21 13:30:53,611 ] 60 root - INFO - Train-test split initiated
[ 2025-07-21 13:30:54,363 ] 72 root - INFO - Ingestion of the data is completed
[ 2025-07-21 13:30:54,656 ] 91 root - INFO - Read train and test data completed
[ 2025-07-21 13:30:54,683 ] 112 root - INFO - remove outliers
[ 2025-07-21 13:30:54,875 ] 138 root - INFO - Obtaining preprocessing object
[ 2025-07-21 13:30:54,875 ] 71 root - INFO - Categorical columns: ['hotel', 'arrival_date_year', 'arrival_date_month', 'meal', 'country', 'market_segment', 'distribution_channel', 'reserved_room_type', 'assigned_room_type', 'deposit_type', 'customer_type', 'reservation_status']
[ 2025-07-21 13:30:54,877 ] 72 root - INFO - Numerical columns: ['lead_time', 'arrival_date_year', 'arrival_date_day_of_month', 'stays_in_weekend_nights', 'adults', 'children', 'babies', 'is_repeated_guest', 'previous_cancellations', 'agent', 'days_in_waiting_list', 'adr', 'required_car_parking_spaces']
[ 2025-07-21 13:30:54,877 ] 141 root - INFO - Applying preprocessing object on training and testing dataframes.
[ 2025-07-21 13:30:57,597 ] 155 root - INFO - QQ plot saved: artifacts\qqplot_feature_0.png
[ 2025-07-21 13:30:57,805 ] 155 root - INFO - QQ plot saved: artifacts\qqplot_feature_1.png
[ 2025-07-21 13:30:57,999 ] 155 root - INFO - QQ plot saved: artifacts\qqplot_feature_2.png
[ 2025-07-21 13:30:57,999 ] 158 root - INFO - Applying SMOTE on the training data.
[ 2025-07-21 13:31:02,509 ] 164 root - INFO - Original training data shape: (46581, 223), (46581,)
[ 2025-07-21 13:31:02,509 ] 165 root - INFO - Resampled training data shape: (58562, 223), (58562,)
[ 2025-07-21 13:31:02,557 ] 173 root - INFO - Saved preprocessing object.
[ 2025-07-21 13:31:02,580 ] 33 root - INFO - Split training and test input data
[ 2025-07-21 13:31:02,580 ] 40 root - INFO - models
[ 2025-07-21 13:31:02,583 ] 50 root - INFO - models1
[ 2025-07-21 13:31:02,583 ] 90 root - INFO - models completed
[ 2025-07-21 13:32:58,115 ] 93 root - INFO - models3
[ 2025-07-21 13:32:58,115 ] 96 root - INFO - models4
[ 2025-07-21 13:32:58,127 ] 105 root - INFO - best_model: RandomForestClassifier(max_depth=10, random_state=42)
[ 2025-07-21 13:32:58,128 ] 109 root - INFO - Best found model on both training and testing dataset
[ 2025-07-21 13:32:58,379 ] 127 root - INFO - Residual QQ plot saved at: artifacts\qqplot_residuals.png
