[ 2025-07-19 13:12:23,707 ] 44 root - INFO - Entered the data ingestion method/component
[ 2025-07-19 13:12:24,044 ] 51 root - INFO - Read the dataset as dataframe
[ 2025-07-19 13:12:25,081 ] 60 root - INFO - Train-test split initiated
[ 2025-07-19 13:12:26,037 ] 72 root - INFO - Ingestion of the data is completed
[ 2025-07-19 13:12:26,364 ] 90 root - INFO - Read train and test data completed
[ 2025-07-19 13:12:26,382 ] 106 root - INFO - remove outliers
[ 2025-07-19 13:12:26,631 ] 132 root - INFO - Obtaining preprocessing object
[ 2025-07-19 13:12:26,632 ] 70 root - INFO - Categorical columns: ['hotel', 'arrival_date_year', 'arrival_date_month', 'meal', 'country', 'market_segment', 'distribution_channel', 'reserved_room_type', 'assigned_room_type', 'deposit_type', 'customer_type', 'reservation_status']
[ 2025-07-19 13:12:26,632 ] 71 root - INFO - Numerical columns: ['lead_time', 'arrival_date_year', 'arrival_date_week_number', 'arrival_date_day_of_month', 'stays_in_weekend_nights', 'adults', 'children', 'babies', 'is_repeated_guest', 'previous_cancellations', 'booking_changes', 'agent', 'days_in_waiting_list', 'adr', 'required_car_parking_spaces', 'total_of_special_requests']
[ 2025-07-19 13:12:26,633 ] 135 root - INFO - Applying preprocessing object on training and testing dataframes.
[ 2025-07-19 13:12:27,708 ] 149 root - INFO - QQ plot saved: artifacts\qqplot_feature_0.png
[ 2025-07-19 13:12:27,994 ] 149 root - INFO - QQ plot saved: artifacts\qqplot_feature_1.png
[ 2025-07-19 13:12:28,181 ] 149 root - INFO - QQ plot saved: artifacts\qqplot_feature_2.png
[ 2025-07-19 13:12:28,181 ] 152 root - INFO - Applying SMOTE on the training data.
[ 2025-07-19 13:12:31,937 ] 158 root - INFO - Original training data shape: (40928, 223), (40928,)
[ 2025-07-19 13:12:31,937 ] 159 root - INFO - Resampled training data shape: (49820, 223), (49820,)
[ 2025-07-19 13:12:31,981 ] 167 root - INFO - Saved preprocessing object.
[ 2025-07-19 13:12:32,005 ] 33 root - INFO - Split training and test input data
[ 2025-07-19 13:12:32,006 ] 40 root - INFO - models
[ 2025-07-19 13:12:32,006 ] 50 root - INFO - models1
[ 2025-07-19 13:12:32,006 ] 90 root - INFO - models completed
[ 2025-07-19 13:14:27,593 ] 93 root - INFO - models3
[ 2025-07-19 13:14:27,593 ] 96 root - INFO - models4
[ 2025-07-19 13:14:27,595 ] 105 root - INFO - best_model: RandomForestClassifier(max_depth=10, random_state=42)
[ 2025-07-19 13:14:27,596 ] 109 root - INFO - Best found model on both training and testing dataset
